Using pre-set license
Built from '2020.3/china_unity/release' branch; Version is '2021.3.41f1c1 (abf9ed549ceb) revision 11270637'; Using compiler version '192829333'; Build Type 'Release'
OS: 'Windows 10  (10.0.19043) 64bit Professional' Language: 'zh' Physical Memory: 65440 MB
BatchMode: 1, IsHumanControllingUs: 0, StartBugReporterOnCrash: 0, Is64bit: 1, IsPro: 1

COMMAND LINE ARGUMENTS:
D:\Unity Hub\Editor\2021.3.41f1c1\Editor\Unity.exe
-adb2
-batchMode
-noUpm
-name
AssetImportWorker1
-projectPath
C:/Users/Administrator/Downloads/Cuttingfeast-main/Cuttingfeast/Cuttingfeast/ObejctBall Slicing
-logFile
Logs/AssetImportWorker1.log
-srvPort
53691
Successfully changed project path to: C:/Users/Administrator/Downloads/Cuttingfeast-main/Cuttingfeast/Cuttingfeast/ObejctBall Slicing
C:/Users/Administrator/Downloads/Cuttingfeast-main/Cuttingfeast/Cuttingfeast/ObejctBall Slicing
[UnityMemory] Configuration Parameters - Can be set up in boot.config
    "memorysetup-bucket-allocator-granularity=16"
    "memorysetup-bucket-allocator-bucket-count=8"
    "memorysetup-bucket-allocator-block-size=33554432"
    "memorysetup-bucket-allocator-block-count=8"
    "memorysetup-main-allocator-block-size=16777216"
    "memorysetup-thread-allocator-block-size=16777216"
    "memorysetup-gfx-main-allocator-block-size=16777216"
    "memorysetup-gfx-thread-allocator-block-size=16777216"
    "memorysetup-cache-allocator-block-size=4194304"
    "memorysetup-typetree-allocator-block-size=2097152"
    "memorysetup-profiler-bucket-allocator-granularity=16"
    "memorysetup-profiler-bucket-allocator-bucket-count=8"
    "memorysetup-profiler-bucket-allocator-block-size=33554432"
    "memorysetup-profiler-bucket-allocator-block-count=8"
    "memorysetup-profiler-allocator-block-size=16777216"
    "memorysetup-profiler-editor-allocator-block-size=1048576"
    "memorysetup-temp-allocator-size-main=16777216"
    "memorysetup-job-temp-allocator-block-size=2097152"
    "memorysetup-job-temp-allocator-block-size-background=1048576"
    "memorysetup-job-temp-allocator-reduction-small-platforms=262144"
    "memorysetup-temp-allocator-size-background-worker=32768"
    "memorysetup-temp-allocator-size-job-worker=262144"
    "memorysetup-temp-allocator-size-preload-manager=33554432"
    "memorysetup-temp-allocator-size-nav-mesh-worker=65536"
    "memorysetup-temp-allocator-size-audio-worker=65536"
    "memorysetup-temp-allocator-size-cloud-worker=32768"
    "memorysetup-temp-allocator-size-gi-baking-worker=262144"
    "memorysetup-temp-allocator-size-gfx=262144"
Player connection [864] Host "[IP] 192.168.31.204 [Port] 0 [Flags] 2 [Guid] 4122220971 [EditorId] 4122220971 [Version] 1048832 [Id] WindowsEditor(7,BF-202501021008) [Debug] 1 [PackageName] WindowsEditor [ProjectName] Editor" joined multi-casting on [225.0.0.222:54997]...

Player connection [864] Host "[IP] 192.168.31.204 [Port] 0 [Flags] 2 [Guid] 4122220971 [EditorId] 4122220971 [Version] 1048832 [Id] WindowsEditor(7,BF-202501021008) [Debug] 1 [PackageName] WindowsEditor [ProjectName] Editor" joined alternative multi-casting on [225.0.0.222:34997]...

AS: AutoStreaming module initializing.
[Physics::Module] Initialized MultithreadedJobDispatcher with {0} workers.
Refreshing native plugins compatible for Editor in 83.21 ms, found 3 plugins.
Preloading 0 native plugins for Editor in 0.00 ms.
Initialize engine version: 2021.3.41f1c1 (abf9ed549ceb)
[Subsystems] Discovering subsystems at path D:/Unity Hub/Editor/2021.3.41f1c1/Editor/Data/Resources/UnitySubsystems
[Subsystems] Discovering subsystems at path C:/Users/Administrator/Downloads/Cuttingfeast-main/Cuttingfeast/Cuttingfeast/ObejctBall Slicing/Assets
GfxDevice: creating device client; threaded=0; jobified=0
Direct3D:
    Version:  Direct3D 11.0 [level 11.1]
    Renderer: NVIDIA GeForce GTX 1050 (ID=0x1c8d)
    Vendor:   NVIDIA
    VRAM:     4004 MB
    Driver:   32.0.15.6636
Initialize mono
Mono path[0] = 'D:/Unity Hub/Editor/2021.3.41f1c1/Editor/Data/Managed'
Mono path[1] = 'D:/Unity Hub/Editor/2021.3.41f1c1/Editor/Data/MonoBleedingEdge/lib/mono/unityjit-win32'
Mono config path = 'D:/Unity Hub/Editor/2021.3.41f1c1/Editor/Data/MonoBleedingEdge/etc'
Using monoOptions --debugger-agent=transport=dt_socket,embedding=1,server=y,suspend=n,address=127.0.0.1:56320
Begin MonoManager ReloadAssembly
Registering precompiled unity dll's ...
Register platform support module: D:/Unity Hub/Editor/2021.3.41f1c1/Editor/Data/PlaybackEngines/WebGLSupport/UnityEditor.WebGL.Extensions.dll
Register platform support module: D:/Unity Hub/Editor/2021.3.41f1c1/Editor/Data/PlaybackEngines/WindowsStandaloneSupport/UnityEditor.WindowsStandalone.Extensions.dll
Registered in 0.005161 seconds.
Native extension for WindowsStandalone target not found
Native extension for WebGL target not found
Refreshing native plugins compatible for Editor in 68.68 ms, found 3 plugins.
Preloading 0 native plugins for Editor in 0.00 ms.
Mono: successfully reloaded assembly
- Completed reload, in  0.808 seconds
Domain Reload Profiling:
	ReloadAssembly (808ms)
		BeginReloadAssembly (124ms)
			ExecutionOrderSort (0ms)
			DisableScriptedObjects (0ms)
			BackupInstance (0ms)
			ReleaseScriptingObjects (0ms)
			CreateAndSetChildDomain (1ms)
		EndReloadAssembly (561ms)
			LoadAssemblies (122ms)
			RebuildTransferFunctionScriptingTraits (0ms)
			SetupTypeCache (143ms)
			ReleaseScriptCaches (0ms)
			RebuildScriptCaches (38ms)
			SetupLoadedEditorAssemblies (326ms)
				LogAssemblyErrors (0ms)
				InitializePlatformSupportModulesInManaged (10ms)
				SetLoadedEditorAssemblies (0ms)
				RefreshPlugins (69ms)
				BeforeProcessingInitializeOnLoad (2ms)
				ProcessInitializeOnLoadAttributes (183ms)
				ProcessInitializeOnLoadMethodAttributes (62ms)
				AfterProcessingInitializeOnLoad (0ms)
				EditorAssembliesLoaded (0ms)
			ExecutionOrderSort2 (0ms)
			AwakeInstancesAfterBackupRestoration (0ms)
Platform modules already initialized, skipping
Registering precompiled user dll's ...
Registered in 0.010984 seconds.
Begin MonoManager ReloadAssembly
Native extension for WindowsStandalone target not found
Native extension for WebGL target not found
Refreshing native plugins compatible for Editor in 0.85 ms, found 3 plugins.
Preloading 0 native plugins for Editor in 0.00 ms.
Package Manager log level set to [2]
[Package Manager] Server::EnsureServerProcessIsRunning -- launch failed, reason: Unity was launched with the -noUpm command-line argument
[Package Manager] Cannot connect to Unity Package Manager local server
Mono: successfully reloaded assembly
- Completed reload, in  1.940 seconds
Domain Reload Profiling:
	ReloadAssembly (1941ms)
		BeginReloadAssembly (177ms)
			ExecutionOrderSort (0ms)
			DisableScriptedObjects (9ms)
			BackupInstance (0ms)
			ReleaseScriptingObjects (0ms)
			CreateAndSetChildDomain (33ms)
		EndReloadAssembly (1594ms)
			LoadAssemblies (125ms)
			RebuildTransferFunctionScriptingTraits (0ms)
			SetupTypeCache (413ms)
			ReleaseScriptCaches (1ms)
			RebuildScriptCaches (67ms)
			SetupLoadedEditorAssemblies (964ms)
				LogAssemblyErrors (0ms)
				InitializePlatformSupportModulesInManaged (7ms)
				SetLoadedEditorAssemblies (1ms)
				RefreshPlugins (1ms)
				BeforeProcessingInitializeOnLoad (79ms)
				ProcessInitializeOnLoadAttributes (809ms)
				ProcessInitializeOnLoadMethodAttributes (59ms)
				AfterProcessingInitializeOnLoad (8ms)
				EditorAssembliesLoaded (0ms)
			ExecutionOrderSort2 (0ms)
			AwakeInstancesAfterBackupRestoration (8ms)
Platform modules already initialized, skipping
========================================================================
Worker process is ready to serve import requests
Launched and connected shader compiler UnityShaderCompiler.exe after 0.08 seconds
Refreshing native plugins compatible for Editor in 0.81 ms, found 3 plugins.
Preloading 0 native plugins for Editor in 0.00 ms.
Unloading 3160 Unused Serialized files (Serialized files now loaded: 0)
Unloading 30 unused Assets / (46.6 KB). Loaded Objects now: 3635.
Memory consumption went from 116.9 MB to 116.8 MB.
Total: 3.955300 ms (FindLiveObjects: 0.358500 ms CreateObjectMapping: 0.217600 ms MarkObjects: 3.290700 ms  DeleteObjects: 0.087100 ms)

AssetImportParameters requested are different than current active one (requested -> active):
  custom:video-decoder-ogg-theora: a1e56fd34408186e4bbccfd4996cb3dc -> 
  custom:container-muxer-webm: aa71ff27fc2769a1b78a27578f13a17b -> 
  custom:container-demuxer-webm: 4f35f7cbe854078d1ac9338744f61a02 -> 
  custom:video-encoder-webm-vp8: eb34c28f22e8b96e1ab97ce403110664 -> 
  custom:CustomObjectIndexerAttribute: bc11b3a6c3213fcdd17b65e7da85e133 -> 
  custom:audio-encoder-webm-vorbis: bf7c407c2cedff20999df2af8eb42d56 -> 
  custom:framework-win-MediaFoundation: 216162199b28c13a410421893ffa2e32 -> 
  custom:SearchIndexIgnoredProperties: e643bd26f0fe6173181afceb89e7c659 -> 
  custom:container-demuxer-ogg: 62fdf1f143b41e24485cea50d1cbac27 -> 
  custom:video-decoder-webm-vp8: 9c59270c3fd7afecdb556c50c9e8de78 -> 
  custom:audio-decoder-ogg-vorbis: bf7c407c2cedff20999df2af8eb42d56 -> 
========================================================================
Received Import Request.
  Time since last request: 22357.090061 seconds.
  path: Assets/cebianlan1.png
  artifactKey: Guid(d819f57d034857741af1ea423f5fd112) Importer(815301076,1909f56bfc062723c751e8b465ee728b)
Number of updated assets reloaded before import = 0
Start importing Assets/cebianlan1.png using Guid(d819f57d034857741af1ea423f5fd112) Importer(815301076,1909f56bfc062723c751e8b465ee728b)  -> (artifact id: '01810c92fc01cc2c8b1cf143a036e3bc') in 0.224709 seconds 
Number of asset objects unloaded after import = 3
========================================================================
Received Import Request.
  Time since last request: 77.055791 seconds.
  path: Assets/ObjectSlicingGameExample/OSG_Models/OSG_BombAndBombGibs_Final.fbx
  artifactKey: Guid(3bfd00bee0793b24dbcc68d10fe8ba14) Importer(815301076,1909f56bfc062723c751e8b465ee728b)
Number of updated assets reloaded before import = 0
Start importing Assets/ObjectSlicingGameExample/OSG_Models/OSG_BombAndBombGibs_Final.fbx using Guid(3bfd00bee0793b24dbcc68d10fe8ba14) Importer(815301076,1909f56bfc062723c751e8b465ee728b)  -> (artifact id: 'e1cef48acc6cc98c44db6b368ebbcace') in 0.483562 seconds 
Number of asset objects unloaded after import = 86
========================================================================
Received Import Request.
  Time since last request: 0.000023 seconds.
  path: Assets/ObjectSlicingGameExample/OSG_Models/OSG_SplatterMeshes(5ColorsAtlased).fbx
  artifactKey: Guid(5f1c0ba321e3eb94693ab503896eacf7) Importer(815301076,1909f56bfc062723c751e8b465ee728b)
Number of updated assets reloaded before import = 0
Start importing Assets/ObjectSlicingGameExample/OSG_Models/OSG_SplatterMeshes(5ColorsAtlased).fbx using Guid(5f1c0ba321e3eb94693ab503896eacf7) Importer(815301076,1909f56bfc062723c751e8b465ee728b)  -> (artifact id: '87ac4868bd5995220abe317793a6df4f') in 0.497885 seconds 
Number of asset objects unloaded after import = 241
========================================================================
Received Import Request.
  Time since last request: 0.000026 seconds.
  path: Assets/ObjectSlicingGameExample/OSG_Models/OSG_LevelsRenderedToPlaneWithSlices(woodOnly(3)).fbx
  artifactKey: Guid(a2268a08e27f7744b9ff9d21058a0145) Importer(815301076,1909f56bfc062723c751e8b465ee728b)
Number of updated assets reloaded before import = 0
Start importing Assets/ObjectSlicingGameExample/OSG_Models/OSG_LevelsRenderedToPlaneWithSlices(woodOnly(3)).fbx using Guid(a2268a08e27f7744b9ff9d21058a0145) Importer(815301076,1909f56bfc062723c751e8b465ee728b)  -> (artifact id: '5833db8104db13e5d931672cad53a312') in 0.045282 seconds 
Number of asset objects unloaded after import = 9
========================================================================
Received Import Request.
  Time since last request: 0.000037 seconds.
  path: Assets/ObjectSlicingGameExample/OSG_Models/OSG_Katana_Final.fbx
  artifactKey: Guid(6e80ba932b1bacb479b5075bc7b600c7) Importer(815301076,1909f56bfc062723c751e8b465ee728b)
Number of updated assets reloaded before import = 0
Start importing Assets/ObjectSlicingGameExample/OSG_Models/OSG_Katana_Final.fbx using Guid(6e80ba932b1bacb479b5075bc7b600c7) Importer(815301076,1909f56bfc062723c751e8b465ee728b)  -> (artifact id: '32524ea28d23f3fa7d7fea3d7faca431') in 0.251695 seconds 
Number of asset objects unloaded after import = 52
========================================================================
Received Import Request.
  Time since last request: 1.892663 seconds.
  path: Assets/ObjectSlicingGameExample/OSG_Models/Materials/ArrowMat 2.mat
  artifactKey: Guid(2a92dd78d89638e45885d1b58d0410c0) Importer(815301076,1909f56bfc062723c751e8b465ee728b)
Number of updated assets reloaded before import = 0
Start importing Assets/ObjectSlicingGameExample/OSG_Models/Materials/ArrowMat 2.mat using Guid(2a92dd78d89638e45885d1b58d0410c0) Importer(815301076,1909f56bfc062723c751e8b465ee728b)  -> (artifact id: '993c355ad3e982c743eb41eeca8f61bd') in 0.049232 seconds 
Number of asset objects unloaded after import = 2
========================================================================
Received Import Request.
  Time since last request: 0.000022 seconds.
  path: Assets/ObjectSlicingGameExample/OSG_Models/Materials/ColoredBallAtlas.mat
  artifactKey: Guid(607497516d9fe97408eec25b39540c45) Importer(815301076,1909f56bfc062723c751e8b465ee728b)
Number of updated assets reloaded before import = 0
Start importing Assets/ObjectSlicingGameExample/OSG_Models/Materials/ColoredBallAtlas.mat using Guid(607497516d9fe97408eec25b39540c45) Importer(815301076,1909f56bfc062723c751e8b465ee728b)  -> (artifact id: '808c756727c803cc1864bc46f7e37844') in 0.009067 seconds 
Number of asset objects unloaded after import = 2
========================================================================
Received Import Request.
  Time since last request: 0.000018 seconds.
  path: Assets/ObjectSlicingGameExample/OSG_Models/Materials/Dojo_Mat.mat
  artifactKey: Guid(cd82b642448747547b88183ce87d2c3f) Importer(815301076,1909f56bfc062723c751e8b465ee728b)
Number of updated assets reloaded before import = 0
Start importing Assets/ObjectSlicingGameExample/OSG_Models/Materials/Dojo_Mat.mat using Guid(cd82b642448747547b88183ce87d2c3f) Importer(815301076,1909f56bfc062723c751e8b465ee728b)  -> (artifact id: 'd86b56244dee59f1ef24ff6b294204f5') in 0.011440 seconds 
Number of asset objects unloaded after import = 3
========================================================================
Received Import Request.
  Time since last request: 0.000023 seconds.
  path: Assets/ObjectSlicingGameExample/OSG_Models/Materials/tempMat.mat
  artifactKey: Guid(3977d28dc41b2ec41932639094fbb316) Importer(815301076,1909f56bfc062723c751e8b465ee728b)
Number of updated assets reloaded before import = 0
Start importing Assets/ObjectSlicingGameExample/OSG_Models/Materials/tempMat.mat using Guid(3977d28dc41b2ec41932639094fbb316) Importer(815301076,1909f56bfc062723c751e8b465ee728b)  -> (artifact id: '1d989204af5571746e24661c179c493a') in 0.038775 seconds 
Number of asset objects unloaded after import = 1
========================================================================
Received Import Request.
  Time since last request: 0.000019 seconds.
  path: Assets/ObjectSlicingGameExample/OSG_Models/Materials/SheathMat.mat
  artifactKey: Guid(a464266e616e4f24c9f28545fb322ac7) Importer(815301076,1909f56bfc062723c751e8b465ee728b)
Number of updated assets reloaded before import = 0
Start importing Assets/ObjectSlicingGameExample/OSG_Models/Materials/SheathMat.mat using Guid(a464266e616e4f24c9f28545fb322ac7) Importer(815301076,1909f56bfc062723c751e8b465ee728b)  -> (artifact id: 'f3cfa6c7c2685caefbe663c9e2a3ab5c') in 0.010322 seconds 
Number of asset objects unloaded after import = 3
========================================================================
Received Import Request.
  Time since last request: 0.000018 seconds.
  path: Assets/ObjectSlicingGameExample/OSG_Models/Materials/WideStar_Glow_2.mat
  artifactKey: Guid(b60e6a60b57fde04cb8c9cfba0c09dd0) Importer(815301076,1909f56bfc062723c751e8b465ee728b)
Number of updated assets reloaded before import = 0
Start importing Assets/ObjectSlicingGameExample/OSG_Models/Materials/WideStar_Glow_2.mat using Guid(b60e6a60b57fde04cb8c9cfba0c09dd0) Importer(815301076,1909f56bfc062723c751e8b465ee728b)  -> (artifact id: 'a542f77c729ddd656f415473166449e3') in 0.043537 seconds 
Number of asset objects unloaded after import = 2
========================================================================
Received Import Request.
  Time since last request: 0.000020 seconds.
  path: Assets/ObjectSlicingGameExample/OSG_Models/Materials/Burst.mat
  artifactKey: Guid(b755017eb30e5804f851d02e576b3550) Importer(815301076,1909f56bfc062723c751e8b465ee728b)
Number of updated assets reloaded before import = 0
Start importing Assets/ObjectSlicingGameExample/OSG_Models/Materials/Burst.mat using Guid(b755017eb30e5804f851d02e576b3550) Importer(815301076,1909f56bfc062723c751e8b465ee728b)  -> (artifact id: '267c10f00fa41ba63d6ea783a91bd3fb') in 0.008781 seconds 
Number of asset objects unloaded after import = 2
========================================================================
Received Import Request.
  Time since last request: 0.000029 seconds.
  path: Assets/ObjectSlicingGameExample/OSG_Models/Materials/SplatterAtlas_5Colors.mat
  artifactKey: Guid(7ec808ccce07c57468ea03c19b0accee) Importer(815301076,1909f56bfc062723c751e8b465ee728b)
Number of updated assets reloaded before import = 0
Start importing Assets/ObjectSlicingGameExample/OSG_Models/Materials/SplatterAtlas_5Colors.mat using Guid(7ec808ccce07c57468ea03c19b0accee) Importer(815301076,1909f56bfc062723c751e8b465ee728b)  -> (artifact id: '9355c874b08208e3021633c24036f56f') in 0.009561 seconds 
Number of asset objects unloaded after import = 2
========================================================================
Received Import Request.
  Time since last request: 0.000018 seconds.
  path: Assets/ObjectSlicingGameExample/OSG_Models/Materials/Glow.mat
  artifactKey: Guid(a69b2845172ea8f48aca5d616424bc0c) Importer(815301076,1909f56bfc062723c751e8b465ee728b)
Number of updated assets reloaded before import = 0
Start importing Assets/ObjectSlicingGameExample/OSG_Models/Materials/Glow.mat using Guid(a69b2845172ea8f48aca5d616424bc0c) Importer(815301076,1909f56bfc062723c751e8b465ee728b)  -> (artifact id: '5d548480706336abd2eb4358cfb0340d') in 0.008455 seconds 
Number of asset objects unloaded after import = 2
========================================================================
Received Import Request.
  Time since last request: 0.000019 seconds.
  path: Assets/ObjectSlicingGameExample/OSG_Models/Materials/ParticleSliceLine.mat
  artifactKey: Guid(5880cf24f2046f047b53a595cf8532f7) Importer(815301076,1909f56bfc062723c751e8b465ee728b)
Number of updated assets reloaded before import = 0
Start importing Assets/ObjectSlicingGameExample/OSG_Models/Materials/ParticleSliceLine.mat using Guid(5880cf24f2046f047b53a595cf8532f7) Importer(815301076,1909f56bfc062723c751e8b465ee728b)  -> (artifact id: 'f1f3bd48f15a6aa5d91a3457575fdff7') in 0.007412 seconds 
Number of asset objects unloaded after import = 2
========================================================================
Received Import Request.
  Time since last request: 0.000017 seconds.
  path: Assets/ObjectSlicingGameExample/OSG_Models/Materials/LP_SwordMat.mat
  artifactKey: Guid(06e5f43b2f4105a4984cb6e0f7a1054c) Importer(815301076,1909f56bfc062723c751e8b465ee728b)
Number of updated assets reloaded before import = 0
Start importing Assets/ObjectSlicingGameExample/OSG_Models/Materials/LP_SwordMat.mat using Guid(06e5f43b2f4105a4984cb6e0f7a1054c) Importer(815301076,1909f56bfc062723c751e8b465ee728b)  -> (artifact id: '8fc8ef43a50b3a5f8671b5100c038189') in 0.009630 seconds 
Number of asset objects unloaded after import = 3
========================================================================
Received Import Request.
  Time since last request: 0.000019 seconds.
  path: Assets/ObjectSlicingGameExample/OSG_Models/Materials/Fire_1.mat
  artifactKey: Guid(7f36172be1edd6a41a9c8515159a2062) Importer(815301076,1909f56bfc062723c751e8b465ee728b)
Number of updated assets reloaded before import = 0
Start importing Assets/ObjectSlicingGameExample/OSG_Models/Materials/Fire_1.mat using Guid(7f36172be1edd6a41a9c8515159a2062) Importer(815301076,1909f56bfc062723c751e8b465ee728b)  -> (artifact id: 'e427d01a7af4914bcef145fff068fb14') in 0.009720 seconds 
Number of asset objects unloaded after import = 2
========================================================================
Received Import Request.
  Time since last request: 0.000019 seconds.
  path: Assets/ObjectSlicingGameExample/OSG_Models/Materials/ArrowMat.mat
  artifactKey: Guid(e870299b6c65b8f4283512979281acbc) Importer(815301076,1909f56bfc062723c751e8b465ee728b)
Number of updated assets reloaded before import = 0
Start importing Assets/ObjectSlicingGameExample/OSG_Models/Materials/ArrowMat.mat using Guid(e870299b6c65b8f4283512979281acbc) Importer(815301076,1909f56bfc062723c751e8b465ee728b)  -> (artifact id: '44fd5462a51916ec1452cb68168c30a5') in 0.008909 seconds 
Number of asset objects unloaded after import = 2
========================================================================
Received Import Request.
  Time since last request: 0.000017 seconds.
  path: Assets/ObjectSlicingGameExample/OSG_Models/Materials/ParticleFirework.mat
  artifactKey: Guid(9f3080141f1f64197825663e067f94f8) Importer(815301076,1909f56bfc062723c751e8b465ee728b)
Number of updated assets reloaded before import = 0
Start importing Assets/ObjectSlicingGameExample/OSG_Models/Materials/ParticleFirework.mat using Guid(9f3080141f1f64197825663e067f94f8) Importer(815301076,1909f56bfc062723c751e8b465ee728b)  -> (artifact id: 'cea906fd7f5aa75deb7f2472403edc67') in 0.007514 seconds 
Number of asset objects unloaded after import = 2
========================================================================
Received Import Request.
  Time since last request: 0.000018 seconds.
  path: Assets/ObjectSlicingGameExample/OSG_Models/Materials/ChopperMaterialForTut.mat
  artifactKey: Guid(876b879af16e1b543b6037b17f9366be) Importer(815301076,1909f56bfc062723c751e8b465ee728b)
Number of updated assets reloaded before import = 0
Start importing Assets/ObjectSlicingGameExample/OSG_Models/Materials/ChopperMaterialForTut.mat using Guid(876b879af16e1b543b6037b17f9366be) Importer(815301076,1909f56bfc062723c751e8b465ee728b)  -> (artifact id: '7e5b9769d6bf5a0cf68c44f70ab6da26') in 0.009961 seconds 
Number of asset objects unloaded after import = 2
========================================================================
Received Import Request.
  Time since last request: 0.000017 seconds.
  path: Assets/ObjectSlicingGameExample/OSG_Models/Materials/Round Drop 5.mat
  artifactKey: Guid(6ec08c72cb5a95748a27a985e7918005) Importer(815301076,1909f56bfc062723c751e8b465ee728b)
Number of updated assets reloaded before import = 0
Start importing Assets/ObjectSlicingGameExample/OSG_Models/Materials/Round Drop 5.mat using Guid(6ec08c72cb5a95748a27a985e7918005) Importer(815301076,1909f56bfc062723c751e8b465ee728b)  -> (artifact id: '06ec3689dd1c50ed3ddeb7eb6fe47416') in 0.008016 seconds 
Number of asset objects unloaded after import = 2
========================================================================
Received Import Request.
  Time since last request: 0.000018 seconds.
  path: Assets/ObjectSlicingGameExample/OSG_Models/Materials/IgniteStar_.mat
  artifactKey: Guid(042cd057fb235704c8fd89611f6e7aae) Importer(815301076,1909f56bfc062723c751e8b465ee728b)
Number of updated assets reloaded before import = 0
Start importing Assets/ObjectSlicingGameExample/OSG_Models/Materials/IgniteStar_.mat using Guid(042cd057fb235704c8fd89611f6e7aae) Importer(815301076,1909f56bfc062723c751e8b465ee728b)  -> (artifact id: '010608643206bbc8c1f0f773155eba5d') in 0.008679 seconds 
Number of asset objects unloaded after import = 2
========================================================================
Received Import Request.
  Time since last request: 0.000021 seconds.
  path: Assets/ObjectSlicingGameExample/OSG_Models/Materials/Smoke_.mat
  artifactKey: Guid(3c3a5df8e4fdaf345a9990854d5be316) Importer(815301076,1909f56bfc062723c751e8b465ee728b)
Number of updated assets reloaded before import = 0
Start importing Assets/ObjectSlicingGameExample/OSG_Models/Materials/Smoke_.mat using Guid(3c3a5df8e4fdaf345a9990854d5be316) Importer(815301076,1909f56bfc062723c751e8b465ee728b)  -> (artifact id: '8d7de146e4dc5d3dada309cfcd961d30') in 0.008821 seconds 
Number of asset objects unloaded after import = 2
========================================================================
Received Import Request.
  Time since last request: 0.000018 seconds.
  path: Assets/ObjectSlicingGameExample/OSG_Models/Materials/ChopChop.mat
  artifactKey: Guid(9b2266c739e716a46bfe160f3a3584c2) Importer(815301076,1909f56bfc062723c751e8b465ee728b)
Number of updated assets reloaded before import = 0
Start importing Assets/ObjectSlicingGameExample/OSG_Models/Materials/ChopChop.mat using Guid(9b2266c739e716a46bfe160f3a3584c2) Importer(815301076,1909f56bfc062723c751e8b465ee728b)  -> (artifact id: '81181fa4f0126ed7b7e31c14e018996d') in 0.007820 seconds 
Number of asset objects unloaded after import = 2
========================================================================
Received Import Request.
  Time since last request: 0.000020 seconds.
  path: Assets/ObjectSlicingGameExample/OSG_Models/Materials/ParticleSpark.mat
  artifactKey: Guid(f63c576739a709747a1a571260d4fabd) Importer(815301076,1909f56bfc062723c751e8b465ee728b)
Number of updated assets reloaded before import = 0
Start importing Assets/ObjectSlicingGameExample/OSG_Models/Materials/ParticleSpark.mat using Guid(f63c576739a709747a1a571260d4fabd) Importer(815301076,1909f56bfc062723c751e8b465ee728b)  -> (artifact id: '23ede6d016efc013a1f3cefbffa6c1b5') in 0.007386 seconds 
Number of asset objects unloaded after import = 2
========================================================================
Received Import Request.
  Time since last request: 3.179996 seconds.
  path: Assets/ObjectSlicingGameExample/OSG_Models/Materials/Textures/_FuseStar.png
  artifactKey: Guid(30d727b7ed5565d40832e01a09abaeec) Importer(815301076,1909f56bfc062723c751e8b465ee728b)
Number of updated assets reloaded before import = 0
Start importing Assets/ObjectSlicingGameExample/OSG_Models/Materials/Textures/_FuseStar.png using Guid(30d727b7ed5565d40832e01a09abaeec) Importer(815301076,1909f56bfc062723c751e8b465ee728b)  -> (artifact id: '3d2fb52e93258cbcf2bb3ced79fce745') in 0.007533 seconds 
Number of asset objects unloaded after import = 2
========================================================================
Received Import Request.
  Time since last request: 0.000018 seconds.
  path: Assets/ObjectSlicingGameExample/OSG_Models/Materials/Textures/Sword_Katana_Normals.png
  artifactKey: Guid(1529b86bbda3209418a10f601b333e0d) Importer(815301076,1909f56bfc062723c751e8b465ee728b)
Number of updated assets reloaded before import = 0
Start importing Assets/ObjectSlicingGameExample/OSG_Models/Materials/Textures/Sword_Katana_Normals.png using Guid(1529b86bbda3209418a10f601b333e0d) Importer(815301076,1909f56bfc062723c751e8b465ee728b)  -> (artifact id: '5fa2eec26b7814dbbe629da85724b5f5') in 0.016538 seconds 
Number of asset objects unloaded after import = 2
========================================================================
Received Import Request.
  Time since last request: 0.000019 seconds.
  path: Assets/ObjectSlicingGameExample/OSG_Models/Materials/Textures/Dojo_3Three_texture.png
  artifactKey: Guid(bea046f64e8ccf442a5cf02e4dfbe8f6) Importer(815301076,1909f56bfc062723c751e8b465ee728b)
Number of updated assets reloaded before import = 0
Start importing Assets/ObjectSlicingGameExample/OSG_Models/Materials/Textures/Dojo_3Three_texture.png using Guid(bea046f64e8ccf442a5cf02e4dfbe8f6) Importer(815301076,1909f56bfc062723c751e8b465ee728b)  -> (artifact id: 'd8ea98c79a94697e6ad7d36b23bda17f') in 0.007659 seconds 
Number of asset objects unloaded after import = 2
========================================================================
Received Import Request.
  Time since last request: 0.000019 seconds.
  path: Assets/ObjectSlicingGameExample/OSG_Models/Materials/Textures/OnlyNormals.png
  artifactKey: Guid(160a99510072a8d4f90a2e1c5f955189) Importer(815301076,1909f56bfc062723c751e8b465ee728b)
Number of updated assets reloaded before import = 0
Start importing Assets/ObjectSlicingGameExample/OSG_Models/Materials/Textures/OnlyNormals.png using Guid(160a99510072a8d4f90a2e1c5f955189) Importer(815301076,1909f56bfc062723c751e8b465ee728b)  -> (artifact id: 'f942ba957b40da9a586d3953699a778e') in 0.008245 seconds 
Number of asset objects unloaded after import = 2
========================================================================
Received Import Request.
  Time since last request: 0.000018 seconds.
  path: Assets/ObjectSlicingGameExample/OSG_Models/Materials/Textures/BallCutTweenIcon.png
  artifactKey: Guid(f03695ee0ed7c734ebf651b527ba9d6f) Importer(815301076,1909f56bfc062723c751e8b465ee728b)
Number of updated assets reloaded before import = 0
Start importing Assets/ObjectSlicingGameExample/OSG_Models/Materials/Textures/BallCutTweenIcon.png using Guid(f03695ee0ed7c734ebf651b527ba9d6f) Importer(815301076,1909f56bfc062723c751e8b465ee728b)  -> (artifact id: 'd96a61ee2ad96fd54f04d2235d6d8b36') in 0.014360 seconds 
Number of asset objects unloaded after import = 3
========================================================================
Received Import Request.
  Time since last request: 0.000018 seconds.
  path: Assets/ObjectSlicingGameExample/OSG_Models/Materials/Textures/EditorArrowsUp.png
  artifactKey: Guid(f6448e6ec22472e48a5a9135ee2b9ce0) Importer(815301076,1909f56bfc062723c751e8b465ee728b)
Number of updated assets reloaded before import = 0
Start importing Assets/ObjectSlicingGameExample/OSG_Models/Materials/Textures/EditorArrowsUp.png using Guid(f6448e6ec22472e48a5a9135ee2b9ce0) Importer(815301076,1909f56bfc062723c751e8b465ee728b)  -> (artifact id: 'd4366b1510063eaffa61bae5783cf352') in 0.006627 seconds 
Number of asset objects unloaded after import = 2
========================================================================
Received Import Request.
  Time since last request: 0.000016 seconds.
  path: Assets/ObjectSlicingGameExample/OSG_Models/Materials/Textures/SplatAtlas1.png
  artifactKey: Guid(93b04049bffcfda4eb69d5c7ee13550c) Importer(815301076,1909f56bfc062723c751e8b465ee728b)
Number of updated assets reloaded before import = 0
Start importing Assets/ObjectSlicingGameExample/OSG_Models/Materials/Textures/SplatAtlas1.png using Guid(93b04049bffcfda4eb69d5c7ee13550c) Importer(815301076,1909f56bfc062723c751e8b465ee728b)  -> (artifact id: 'a527cfc53705dc4cc5466b0779355a84') in 0.007113 seconds 
Number of asset objects unloaded after import = 2
========================================================================
Received Import Request.
  Time since last request: 0.000016 seconds.
  path: Assets/ObjectSlicingGameExample/OSG_Models/Materials/Textures/OSG_Icon_72px.png
  artifactKey: Guid(e395094219d2dc947b85fe55607dd658) Importer(815301076,1909f56bfc062723c751e8b465ee728b)
Number of updated assets reloaded before import = 0
Start importing Assets/ObjectSlicingGameExample/OSG_Models/Materials/Textures/OSG_Icon_72px.png using Guid(e395094219d2dc947b85fe55607dd658) Importer(815301076,1909f56bfc062723c751e8b465ee728b)  -> (artifact id: '8928d1e3d5b91b3eb1c71a327f66edd0') in 0.006408 seconds 
Number of asset objects unloaded after import = 2
========================================================================
Received Import Request.
  Time since last request: 0.000016 seconds.
  path: Assets/ObjectSlicingGameExample/OSG_Models/Materials/Textures/SliceAndStarBeams_SliceThin5.png
  artifactKey: Guid(2d3c8e6063e0d0249b7bd4b2ffd37b9b) Importer(815301076,1909f56bfc062723c751e8b465ee728b)
Number of updated assets reloaded before import = 0
Start importing Assets/ObjectSlicingGameExample/OSG_Models/Materials/Textures/SliceAndStarBeams_SliceThin5.png using Guid(2d3c8e6063e0d0249b7bd4b2ffd37b9b) Importer(815301076,1909f56bfc062723c751e8b465ee728b)  -> (artifact id: 'c92d6b0ab86b6cd060afed518f309820') in 0.006381 seconds 
Number of asset objects unloaded after import = 2
========================================================================
Received Import Request.
  Time since last request: 0.000022 seconds.
  path: Assets/ObjectSlicingGameExample/OSG_Models/Materials/Textures/OSG_Icon_48px.png
  artifactKey: Guid(a5d02101d11e0a741940dbfb0ad58597) Importer(815301076,1909f56bfc062723c751e8b465ee728b)
Number of updated assets reloaded before import = 0
Start importing Assets/ObjectSlicingGameExample/OSG_Models/Materials/Textures/OSG_Icon_48px.png using Guid(a5d02101d11e0a741940dbfb0ad58597) Importer(815301076,1909f56bfc062723c751e8b465ee728b)  -> (artifact id: 'f3f64391b60d9c2b9a87957b9fa3e128') in 0.006703 seconds 
Number of asset objects unloaded after import = 2
========================================================================
Received Import Request.
  Time since last request: 0.000022 seconds.
  path: Assets/ObjectSlicingGameExample/OSG_Models/Materials/Textures/_Spark.png
  artifactKey: Guid(892808417e171084aa8726613379211c) Importer(815301076,1909f56bfc062723c751e8b465ee728b)
Number of updated assets reloaded before import = 0
Start importing Assets/ObjectSlicingGameExample/OSG_Models/Materials/Textures/_Spark.png using Guid(892808417e171084aa8726613379211c) Importer(815301076,1909f56bfc062723c751e8b465ee728b)  -> (artifact id: '69508b14dea9fee2a9f35297d04aa536') in 0.007702 seconds 
Number of asset objects unloaded after import = 2
========================================================================
Received Import Request.
  Time since last request: 0.000023 seconds.
  path: Assets/ObjectSlicingGameExample/OSG_Models/Materials/Textures/OSG_Icon_192px.png
  artifactKey: Guid(bedca4a01089b8945b099c63a29f3c1c) Importer(815301076,1909f56bfc062723c751e8b465ee728b)
Number of updated assets reloaded before import = 0
Start importing Assets/ObjectSlicingGameExample/OSG_Models/Materials/Textures/OSG_Icon_192px.png using Guid(bedca4a01089b8945b099c63a29f3c1c) Importer(815301076,1909f56bfc062723c751e8b465ee728b)  -> (artifact id: '25a9729f46f856a428741527f6789d59') in 0.012484 seconds 
Number of asset objects unloaded after import = 2
========================================================================
Received Import Request.
  Time since last request: 0.000023 seconds.
  path: Assets/ObjectSlicingGameExample/OSG_Models/Materials/Textures/OSG_Icon_36px.png
  artifactKey: Guid(7f3f4e9cb739b854886f31a45d6270a4) Importer(815301076,1909f56bfc062723c751e8b465ee728b)
Number of updated assets reloaded before import = 0
Start importing Assets/ObjectSlicingGameExample/OSG_Models/Materials/Textures/OSG_Icon_36px.png using Guid(7f3f4e9cb739b854886f31a45d6270a4) Importer(815301076,1909f56bfc062723c751e8b465ee728b)  -> (artifact id: '724d26062211b4f4718bda7a0f12e0da') in 0.006281 seconds 
Number of asset objects unloaded after import = 2
========================================================================
Received Import Request.
  Time since last request: 0.000017 seconds.
  path: Assets/ObjectSlicingGameExample/OSG_Models/Materials/Textures/SheathMat_Normal.png
  artifactKey: Guid(22bbf1598d6917d40b55e328554170e6) Importer(815301076,1909f56bfc062723c751e8b465ee728b)
Number of updated assets reloaded before import = 0
Start importing Assets/ObjectSlicingGameExample/OSG_Models/Materials/Textures/SheathMat_Normal.png using Guid(22bbf1598d6917d40b55e328554170e6) Importer(815301076,1909f56bfc062723c751e8b465ee728b)  -> (artifact id: '244cd4ceee5e3af70350b46d5b2c98c6') in 0.007566 seconds 
Number of asset objects unloaded after import = 2
========================================================================
Received Import Request.
  Time since last request: 0.000018 seconds.
  path: Assets/ObjectSlicingGameExample/OSG_Models/Materials/Textures/NewTestBlade(Tutorial).png
  artifactKey: Guid(2c5dbd1a90bb030439e5d332eee96130) Importer(815301076,1909f56bfc062723c751e8b465ee728b)
Number of updated assets reloaded before import = 0
Start importing Assets/ObjectSlicingGameExample/OSG_Models/Materials/Textures/NewTestBlade(Tutorial).png using Guid(2c5dbd1a90bb030439e5d332eee96130) Importer(815301076,1909f56bfc062723c751e8b465ee728b)  -> (artifact id: '9644f798f647528d278f74220a3c563a') in 0.006693 seconds 
Number of asset objects unloaded after import = 2
========================================================================
Received Import Request.
  Time since last request: 0.000016 seconds.
  path: Assets/ObjectSlicingGameExample/OSG_Models/Materials/Textures/BallMap1.png
  artifactKey: Guid(4bb4d67a532b02e45b728aa422773f37) Importer(815301076,1909f56bfc062723c751e8b465ee728b)
Number of updated assets reloaded before import = 0
Start importing Assets/ObjectSlicingGameExample/OSG_Models/Materials/Textures/BallMap1.png using Guid(4bb4d67a532b02e45b728aa422773f37) Importer(815301076,1909f56bfc062723c751e8b465ee728b)  -> (artifact id: '1a004c14365530771e8fca122790b15d') in 0.006839 seconds 
Number of asset objects unloaded after import = 2
========================================================================
Received Import Request.
  Time since last request: 0.000016 seconds.
  path: Assets/ObjectSlicingGameExample/OSG_Models/Materials/Textures/Smoke_.png
  artifactKey: Guid(a6225cdd8daf928448de27a6535c0257) Importer(815301076,1909f56bfc062723c751e8b465ee728b)
Number of updated assets reloaded before import = 0
Start importing Assets/ObjectSlicingGameExample/OSG_Models/Materials/Textures/Smoke_.png using Guid(a6225cdd8daf928448de27a6535c0257) Importer(815301076,1909f56bfc062723c751e8b465ee728b)  -> (artifact id: '1810ad370f1f766c906ce7cb1b24bbcd') in 0.037408 seconds 
Number of asset objects unloaded after import = 3
========================================================================
Received Import Request.
  Time since last request: 0.000021 seconds.
  path: Assets/ObjectSlicingGameExample/OSG_Models/Materials/Textures/NoAlisingUIAtlas.png
  artifactKey: Guid(4aba4e9d54ce6d04da4891728a77c0b2) Importer(815301076,1909f56bfc062723c751e8b465ee728b)
Number of updated assets reloaded before import = 0
Start importing Assets/ObjectSlicingGameExample/OSG_Models/Materials/Textures/NoAlisingUIAtlas.png using Guid(4aba4e9d54ce6d04da4891728a77c0b2) Importer(815301076,1909f56bfc062723c751e8b465ee728b)  -> (artifact id: '0721e36ae563de9759ab6062aee5f3d6') in 0.014219 seconds 
Number of asset objects unloaded after import = 3
========================================================================
Received Import Request.
  Time since last request: 0.000031 seconds.
  path: Assets/ObjectSlicingGameExample/OSG_Models/Materials/Textures/Katana_TextureAttemptTwo.png
  artifactKey: Guid(249789491ced8ee4c8525a8b3c30cd0d) Importer(815301076,1909f56bfc062723c751e8b465ee728b)
Number of updated assets reloaded before import = 0
Start importing Assets/ObjectSlicingGameExample/OSG_Models/Materials/Textures/Katana_TextureAttemptTwo.png using Guid(249789491ced8ee4c8525a8b3c30cd0d) Importer(815301076,1909f56bfc062723c751e8b465ee728b)  -> (artifact id: 'c688bd0f1e79cae9eeb3d26d461617fa') in 0.008579 seconds 
Number of asset objects unloaded after import = 2
========================================================================
Received Import Request.
  Time since last request: 0.000018 seconds.
  path: Assets/ObjectSlicingGameExample/OSG_Models/Materials/Textures/BombTexture.png
  artifactKey: Guid(ec5ea90e04bcfe247a1fdfa02fac8171) Importer(815301076,1909f56bfc062723c751e8b465ee728b)
Number of updated assets reloaded before import = 0
Start importing Assets/ObjectSlicingGameExample/OSG_Models/Materials/Textures/BombTexture.png using Guid(ec5ea90e04bcfe247a1fdfa02fac8171) Importer(815301076,1909f56bfc062723c751e8b465ee728b)  -> (artifact id: '19af065e9c428aab5d3c245d3c1bcf83') in 0.007238 seconds 
Number of asset objects unloaded after import = 2
========================================================================
Received Import Request.
  Time since last request: 0.000027 seconds.
  path: Assets/ObjectSlicingGameExample/OSG_Models/Materials/Textures/OSG_Icon_512px.png
  artifactKey: Guid(de0f85f7ba8b4be42b4952dc58bfa274) Importer(815301076,1909f56bfc062723c751e8b465ee728b)
Number of updated assets reloaded before import = 0
Start importing Assets/ObjectSlicingGameExample/OSG_Models/Materials/Textures/OSG_Icon_512px.png using Guid(de0f85f7ba8b4be42b4952dc58bfa274) Importer(815301076,1909f56bfc062723c751e8b465ee728b)  -> (artifact id: '861316b74968310a0addd99214b2b605') in 0.008740 seconds 
Number of asset objects unloaded after import = 2
========================================================================
Received Import Request.
  Time since last request: 0.000018 seconds.
  path: Assets/ObjectSlicingGameExample/OSG_Models/Materials/Textures/OSG_Icon_1024px.png
  artifactKey: Guid(7998d3f0b2dc6df4a99c9179b815e7a5) Importer(815301076,1909f56bfc062723c751e8b465ee728b)
Number of updated assets reloaded before import = 0
Start importing Assets/ObjectSlicingGameExample/OSG_Models/Materials/Textures/OSG_Icon_1024px.png using Guid(7998d3f0b2dc6df4a99c9179b815e7a5) Importer(815301076,1909f56bfc062723c751e8b465ee728b)  -> (artifact id: '15f2381af8fe0ce7556660e1008fa994') in 0.009008 seconds 
Number of asset objects unloaded after import = 2
========================================================================
Received Import Request.
  Time since last request: 0.000019 seconds.
  path: Assets/ObjectSlicingGameExample/OSG_Models/Materials/Textures/EditorArrowsUpTwo.png
  artifactKey: Guid(0967a8504e101e446a185ee1823125bd) Importer(815301076,1909f56bfc062723c751e8b465ee728b)
Number of updated assets reloaded before import = 0
Start importing Assets/ObjectSlicingGameExample/OSG_Models/Materials/Textures/EditorArrowsUpTwo.png using Guid(0967a8504e101e446a185ee1823125bd) Importer(815301076,1909f56bfc062723c751e8b465ee728b)  -> (artifact id: '564ccb41274b0815def0559fab402027') in 0.008497 seconds 
Number of asset objects unloaded after import = 2
========================================================================
Received Import Request.
  Time since last request: 0.000017 seconds.
  path: Assets/ObjectSlicingGameExample/OSG_Models/Materials/Textures/_SparkMaterial.mat
  artifactKey: Guid(30cd17cf0ce17834c81a41eed49ac20f) Importer(815301076,1909f56bfc062723c751e8b465ee728b)
Number of updated assets reloaded before import = 0
Start importing Assets/ObjectSlicingGameExample/OSG_Models/Materials/Textures/_SparkMaterial.mat using Guid(30cd17cf0ce17834c81a41eed49ac20f) Importer(815301076,1909f56bfc062723c751e8b465ee728b)  -> (artifact id: 'd43a32eb824722747572e0305465ff3f') in 0.007966 seconds 
Number of asset objects unloaded after import = 2
========================================================================
Received Import Request.
  Time since last request: 0.000019 seconds.
  path: Assets/ObjectSlicingGameExample/OSG_Models/Materials/Textures/Katana_TextureAttemptOne.png
  artifactKey: Guid(64cb5e0a8247e4044ad1bf5e43fc2776) Importer(815301076,1909f56bfc062723c751e8b465ee728b)
Number of updated assets reloaded before import = 0
Start importing Assets/ObjectSlicingGameExample/OSG_Models/Materials/Textures/Katana_TextureAttemptOne.png using Guid(64cb5e0a8247e4044ad1bf5e43fc2776) Importer(815301076,1909f56bfc062723c751e8b465ee728b)  -> (artifact id: '255ef9c57b520fcc79ca49b677893869') in 0.008385 seconds 
Number of asset objects unloaded after import = 2
========================================================================
Received Import Request.
  Time since last request: 0.000019 seconds.
  path: Assets/ObjectSlicingGameExample/OSG_Models/Materials/Textures/OSG_GameUI_Final011.png
  artifactKey: Guid(8033982d8ba1a7e47a4c79b8421d477b) Importer(815301076,1909f56bfc062723c751e8b465ee728b)
Number of updated assets reloaded before import = 0
Start importing Assets/ObjectSlicingGameExample/OSG_Models/Materials/Textures/OSG_GameUI_Final011.png using Guid(8033982d8ba1a7e47a4c79b8421d477b) Importer(815301076,1909f56bfc062723c751e8b465ee728b)  -> (artifact id: '0f37f2120b4737b4aaa6d4bdc2ba0b4d') in 0.493069 seconds 
Number of asset objects unloaded after import = 93
Editor requested this worker to shutdown with reason: Scaling down because of idle timeout
AssetImportWorker is now disconnected from the server
Process exiting
Exiting without the bug reporter. Application will terminate with return code 0